0 info it worked if it ends with ok
1 verbose cli [ '/usr/bin/node', '/usr/bin/npm', 'publish' ]
2 info using npm@3.7.3
3 info using node@v5.9.1
4 verbose publish [ '.' ]
5 silly cache add args [ '.', null ]
6 verbose cache add spec .
7 silly cache add parsed spec Result {
7 silly cache add   raw: '.',
7 silly cache add   scope: null,
7 silly cache add   name: null,
7 silly cache add   rawSpec: '.',
7 silly cache add   spec: '/home/q13/project/react-widget',
7 silly cache add   type: 'directory' }
8 verbose addLocalDirectory /home/q13/.npm/react-widget/1.4.7/package.tgz not in flight; packing
9 verbose correctMkdir /home/q13/.npm correctMkdir not in flight; initializing
10 info lifecycle react-widget@1.4.7~prepublish: react-widget@1.4.7
11 silly lifecycle react-widget@1.4.7~prepublish: no script for prepublish, continuing
12 verbose tar pack [ '/home/q13/.npm/react-widget/1.4.7/package.tgz',
12 verbose tar pack   '/home/q13/project/react-widget' ]
13 verbose tarball /home/q13/.npm/react-widget/1.4.7/package.tgz
14 verbose folder /home/q13/project/react-widget
15 verbose addLocalTarball adding from inside cache /home/q13/.npm/react-widget/1.4.7/package.tgz
16 verbose correctMkdir /home/q13/.npm correctMkdir not in flight; initializing
17 silly cache afterAdd react-widget@1.4.7
18 verbose afterAdd /home/q13/.npm/react-widget/1.4.7/package/package.json not in flight; writing
19 verbose correctMkdir /home/q13/.npm correctMkdir not in flight; initializing
20 verbose afterAdd /home/q13/.npm/react-widget/1.4.7/package/package.json written
21 silly publish { name: 'react-widget',
21 silly publish   version: '1.4.7',
21 silly publish   description: 'Some component base on React framework.',
21 silly publish   main: 'index.js',
21 silly publish   scripts:
21 silly publish    { test: 'echo "Error: no test specified" && exit 1',
21 silly publish      server: 'node ./bin/server.js',
21 silly publish      example: 'node ./bin/example.js' },
21 silly publish   repository:
21 silly publish    { type: 'git',
21 silly publish      url: 'git+https://github.com/q13/react-component.git' },
21 silly publish   keywords: [ 'ui', 'component', 'react' ],
21 silly publish   dependencies:
21 silly publish    { react: '0.14.3',
21 silly publish      'react-dom': '0.14.3',
21 silly publish      'react-addons-pure-render-mixin': '0.14.3',
21 silly publish      'react-addons-css-transition-group': '0.14.3',
21 silly publish      'react-mixin': '3.0.3',
21 silly publish      immutable: 'latest',
21 silly publish      'babel-polyfill': 'latest',
21 silly publish      moment: '~2.10.6' },
21 silly publish   devDependencies:
21 silly publish    { connect: '~3.4.0',
21 silly publish      'serve-static': '~1.10.0',
21 silly publish      webpack: '1.12.9',
21 silly publish      'babel-loader': 'latest',
21 silly publish      'babel-core': 'latest',
21 silly publish      'babel-preset-es2015': 'latest',
21 silly publish      'babel-preset-react': 'latest',
21 silly publish      'babel-preset-stage-0': 'latest',
21 silly publish      'babel-plugin-transform-es3-property-literals': 'latest',
21 silly publish      'babel-plugin-transform-es3-member-expression-literals': 'latest',
21 silly publish      'style-loader': 'latest',
21 silly publish      'css-loader': 'latest',
21 silly publish      'cssnext-loader': 'latest',
21 silly publish      'postcss-loader': 'latest',
21 silly publish      cssnext: 'latest',
21 silly publish      autoprefixer: 'latest',
21 silly publish      'file-loader': 'latest',
21 silly publish      'url-loader': 'latest',
21 silly publish      'postcss-import': 'latest',
21 silly publish      walk: '2.3.9',
21 silly publish      commander: '2.9.0',
21 silly publish      'fs-extra': '0.26.2',
21 silly publish      'memory-fs': '0.3.0',
21 silly publish      'uglify-js': '2.5.0' },
21 silly publish   author: { name: 'q13' },
21 silly publish   license: 'ISC',
21 silly publish   bugs: { url: 'https://github.com/q13/react-component/issues' },
21 silly publish   homepage: 'https://github.com/q13/react-component#readme',
21 silly publish   readme: '# react-widget\nSome component base on React framework.\n',
21 silly publish   readmeFilename: 'README.md',
21 silly publish   gitHead: '1b87dd13c86da178808794c94566b1c87feb4dab',
21 silly publish   _id: 'react-widget@1.4.7',
21 silly publish   _shasum: 'fef2235d6fc05ab279ffd83ddd48596be76a06b9',
21 silly publish   _from: '.' }
22 verbose getPublishConfig undefined
23 silly mapToRegistry name react-widget
24 silly mapToRegistry using default registry
25 silly mapToRegistry registry https://registry.npmjs.org/
26 silly mapToRegistry uri https://registry.npmjs.org/react-widget
27 verbose publish registryBase https://registry.npmjs.org/
28 silly publish uploading /home/q13/.npm/react-widget/1.4.7/package.tgz
29 verbose request uri https://registry.npmjs.org/react-widget
30 verbose request sending authorization for write operation
31 info attempt registry request try #1 at 11:36:14
32 verbose request using bearer token for auth
33 verbose request id f245b04e8ad09ad7
34 http request PUT https://registry.npmjs.org/react-widget
35 http 403 https://registry.npmjs.org/react-widget
36 verbose headers { 'content-type': 'application/json',
36 verbose headers   'cache-control': 'max-age=300',
36 verbose headers   'content-length': '95',
36 verbose headers   'accept-ranges': 'bytes',
36 verbose headers   date: 'Tue, 17 May 2016 03:36:23 GMT',
36 verbose headers   via: '1.1 varnish',
36 verbose headers   connection: 'keep-alive',
36 verbose headers   'x-served-by': 'cache-itm7427-ITM',
36 verbose headers   'x-cache': 'MISS',
36 verbose headers   'x-cache-hits': '0',
36 verbose headers   'x-timer': 'S1463456175.111475,VS0,VE8197',
36 verbose headers   vary: 'Accept-Encoding' }
37 verbose request invalidating /home/q13/.npm/registry.npmjs.org/react-widget on PUT
38 error publish Failed PUT 403
39 verbose stack Error: "You cannot publish over the previously published version 1.4.7." : react-widget
39 verbose stack     at makeError (/usr/lib64/node_modules/npm/node_modules/npm-registry-client/lib/request.js:264:12)
39 verbose stack     at CachingRegistryClient.<anonymous> (/usr/lib64/node_modules/npm/node_modules/npm-registry-client/lib/request.js:252:14)
39 verbose stack     at Request._callback (/usr/lib64/node_modules/npm/node_modules/npm-registry-client/lib/request.js:172:14)
39 verbose stack     at Request.self.callback (/usr/lib64/node_modules/npm/node_modules/request/request.js:199:22)
39 verbose stack     at emitTwo (events.js:100:13)
39 verbose stack     at Request.emit (events.js:185:7)
39 verbose stack     at Request.<anonymous> (/usr/lib64/node_modules/npm/node_modules/request/request.js:1036:10)
39 verbose stack     at emitOne (events.js:95:20)
39 verbose stack     at Request.emit (events.js:182:7)
39 verbose stack     at IncomingMessage.<anonymous> (/usr/lib64/node_modules/npm/node_modules/request/request.js:963:12)
40 verbose statusCode 403
41 verbose pkgid react-widget
42 verbose cwd /home/q13/project/react-widget
43 error Linux 4.5.3-1-default
44 error argv "/usr/bin/node" "/usr/bin/npm" "publish"
45 error node v5.9.1
46 error npm  v3.7.3
47 error code E403
48 error "You cannot publish over the previously published version 1.4.7." : react-widget
49 error If you need help, you may report this error at:
49 error     <https://github.com/npm/npm/issues>
50 verbose exit [ 1, true ]
